TN:
SF:src/app.ts
FN:47,(anonymous_10)
FN:62,(anonymous_11)
FN:73,(anonymous_12)
FNF:3
FNH:0
FNDA:0,(anonymous_10)
FNDA:0,(anonymous_11)
FNDA:0,(anonymous_12)
DA:1,0
DA:2,0
DA:3,0
DA:4,0
DA:5,0
DA:6,0
DA:7,0
DA:8,0
DA:9,0
DA:10,0
DA:11,0
DA:12,0
DA:13,0
DA:14,0
DA:15,0
DA:18,0
DA:21,0
DA:23,0
DA:24,0
DA:25,0
DA:27,0
DA:30,0
DA:33,0
DA:36,0
DA:39,0
DA:47,0
DA:48,0
DA:52,0
DA:53,0
DA:54,0
DA:55,0
DA:56,0
DA:57,0
DA:58,0
DA:59,0
DA:62,0
DA:63,0
DA:70,0
DA:73,0
DA:74,0
DA:75,0
LF:41
LH:0
BRDA:25,0,0,0
BRDA:25,0,1,0
BRDA:27,1,0,0
BRDA:27,1,1,0
BRDA:41,2,0,0
BRDA:41,2,1,0
BRF:6
BRH:0
end_of_record
TN:
SF:src/config/db.ts
FN:3,(anonymous_1)
FN:15,(anonymous_2)
FN:19,(anonymous_3)
FN:23,(anonymous_4)
FNF:4
FNH:0
FNDA:0,(anonymous_1)
FNDA:0,(anonymous_2)
FNDA:0,(anonymous_3)
FNDA:0,(anonymous_4)
DA:1,0
DA:3,0
DA:4,0
DA:5,0
DA:6,0
DA:7,0
DA:9,0
DA:10,0
DA:15,0
DA:16,0
DA:19,0
DA:20,0
DA:23,0
DA:24,0
DA:27,0
LF:15
LH:0
BRF:0
BRH:0
end_of_record
TN:
SF:src/controllers/authController.ts
FN:16,(anonymous_1)
FN:35,(anonymous_2)
FNF:2
FNH:0
FNDA:0,(anonymous_1)
FNDA:0,(anonymous_2)
DA:2,1
DA:3,1
DA:4,1
DA:15,1
DA:17,0
DA:18,0
DA:19,0
DA:20,0
DA:21,0
DA:34,1
DA:36,0
DA:37,0
DA:38,0
DA:39,0
DA:40,0
LF:15
LH:5
BRF:0
BRH:0
end_of_record
TN:
SF:src/controllers/bulkController.ts
FN:56,(anonymous_1)
FN:80,(anonymous_2)
FN:125,(anonymous_3)
FN:164,(anonymous_4)
FN:357,(anonymous_5)
FN:365,(anonymous_6)
FN:405,(anonymous_7)
FNF:7
FNH:0
FNDA:0,(anonymous_1)
FNDA:0,(anonymous_2)
FNDA:0,(anonymous_3)
FNDA:0,(anonymous_4)
FNDA:0,(anonymous_5)
FNDA:0,(anonymous_6)
FNDA:0,(anonymous_7)
DA:2,0
DA:3,0
DA:4,0
DA:6,0
DA:7,0
DA:8,0
DA:56,0
DA:60,0
DA:61,0
DA:63,0
DA:66,0
DA:71,0
DA:73,0
DA:74,0
DA:75,0
DA:76,0
DA:77,0
DA:80,0
DA:81,0
DA:82,0
DA:83,0
DA:86,0
DA:87,0
DA:88,0
DA:90,0
DA:95,0
DA:96,0
DA:98,0
DA:99,0
DA:103,0
DA:104,0
DA:106,0
DA:107,0
DA:108,0
DA:111,0
DA:112,0
DA:124,0
DA:126,0
DA:127,0
DA:129,0
DA:131,0
DA:132,0
DA:133,0
DA:136,0
DA:137,0
DA:138,0
DA:141,0
DA:142,0
DA:143,0
DA:147,0
DA:148,0
DA:149,0
DA:150,0
DA:153,0
DA:154,0
DA:155,0
DA:156,0
DA:157,0
DA:158,0
DA:159,0
DA:160,0
DA:161,0
DA:164,0
DA:165,0
DA:166,0
DA:167,0
DA:170,0
DA:171,0
DA:172,0
DA:174,0
DA:177,0
DA:183,0
DA:184,0
DA:185,0
DA:186,0
DA:187,0
DA:188,0
DA:189,0
DA:193,0
DA:194,0
DA:196,0
DA:197,0
DA:198,0
DA:200,0
DA:203,0
DA:208,0
DA:209,0
DA:217,0
DA:221,0
DA:222,0
DA:224,0
DA:225,0
DA:226,0
DA:230,0
DA:231,0
DA:232,0
DA:233,0
DA:234,0
DA:236,0
DA:239,0
DA:240,0
DA:243,0
DA:244,0
DA:245,0
DA:246,0
DA:247,0
DA:248,0
DA:249,0
DA:253,0
DA:254,0
DA:255,0
DA:257,0
DA:260,0
DA:266,0
DA:267,0
DA:268,0
DA:269,0
DA:270,0
DA:271,0
DA:273,0
DA:277,0
DA:278,0
DA:282,0
DA:286,0
DA:287,0
DA:288,0
DA:290,0
DA:293,0
DA:298,0
DA:299,0
DA:307,0
DA:311,0
DA:312,0
DA:313,0
DA:319,0
DA:320,0
DA:321,0
DA:322,0
DA:323,0
DA:324,0
DA:325,0
DA:332,0
DA:334,0
DA:337,0
DA:343,0
DA:344,0
DA:345,0
DA:346,0
DA:348,0
DA:349,0
DA:350,0
DA:351,0
DA:352,0
DA:356,0
DA:357,0
DA:360,0
DA:365,0
DA:366,0
DA:373,0
DA:375,0
DA:379,0
DA:384,0
DA:385,0
DA:389,0
DA:393,0
DA:394,0
DA:405,0
DA:409,0
DA:411,0
DA:412,0
DA:413,0
DA:416,0
DA:417,0
DA:418,0
DA:421,0
DA:422,0
DA:423,0
DA:424,0
DA:425,0
DA:427,0
DA:430,0
DA:431,0
LF:182
LH:0
BRDA:75,0,0,0
BRDA:75,0,1,0
BRDA:81,1,0,0
BRDA:81,1,1,0
BRDA:126,2,0,0
BRDA:126,3,0,0
BRDA:131,4,0,0
BRDA:131,4,1,0
BRDA:136,5,0,0
BRDA:136,5,1,0
BRDA:136,6,0,0
BRDA:136,6,1,0
BRDA:141,7,0,0
BRDA:141,7,1,0
BRDA:141,8,0,0
BRDA:141,8,1,0
BRDA:147,9,0,0
BRDA:147,9,1,0
BRDA:153,10,0,0
BRDA:153,10,1,0
BRDA:153,11,0,0
BRDA:153,11,1,0
BRDA:158,12,0,0
BRDA:158,12,1,0
BRDA:158,13,0,0
BRDA:158,13,1,0
BRDA:159,14,0,0
BRDA:159,14,1,0
BRDA:165,15,0,0
BRDA:165,15,1,0
BRDA:183,16,0,0
BRDA:183,16,1,0
BRDA:183,17,0,0
BRDA:183,17,1,0
BRDA:188,18,0,0
BRDA:188,18,1,0
BRDA:188,19,0,0
BRDA:188,19,1,0
BRDA:221,20,0,0
BRDA:221,20,1,0
BRDA:224,21,0,0
BRDA:224,21,1,0
BRDA:230,22,0,0
BRDA:230,22,1,0
BRDA:232,23,0,0
BRDA:232,23,1,0
BRDA:232,24,0,0
BRDA:232,24,1,0
BRDA:243,25,0,0
BRDA:243,25,1,0
BRDA:243,26,0,0
BRDA:243,26,1,0
BRDA:248,27,0,0
BRDA:248,27,1,0
BRDA:248,28,0,0
BRDA:248,28,1,0
BRDA:250,29,0,0
BRDA:250,29,1,0
BRDA:266,30,0,0
BRDA:266,30,1,0
BRDA:266,31,0,0
BRDA:266,31,1,0
BRDA:271,32,0,0
BRDA:271,32,1,0
BRDA:271,33,0,0
BRDA:271,33,1,0
BRDA:273,34,0,0
BRDA:273,34,1,0
BRDA:274,35,0,0
BRDA:274,35,1,0
BRDA:283,36,0,0
BRDA:283,36,1,0
BRDA:311,37,0,0
BRDA:311,37,1,0
BRDA:319,38,0,0
BRDA:319,38,1,0
BRDA:319,39,0,0
BRDA:319,39,1,0
BRDA:324,40,0,0
BRDA:324,40,1,0
BRDA:324,41,0,0
BRDA:324,41,1,0
BRDA:343,42,0,0
BRDA:343,42,1,0
BRDA:343,43,0,0
BRDA:343,43,1,0
BRDA:351,44,0,0
BRDA:351,44,1,0
BRDA:411,45,0,0
BRDA:411,45,1,0
BRDA:411,46,0,0
BRDA:411,46,1,0
BRDA:416,47,0,0
BRDA:416,47,1,0
BRDA:422,48,0,0
BRDA:422,48,1,0
BRDA:423,49,0,0
BRDA:423,49,1,0
BRF:98
BRH:0
end_of_record
TN:
SF:src/controllers/fileController.ts
FN:28,(anonymous_1)
FN:68,(anonymous_2)
FN:101,(anonymous_3)
FN:115,(anonymous_4)
FN:147,(anonymous_5)
FN:152,(anonymous_6)
FN:170,(anonymous_7)
FN:208,(anonymous_8)
FNF:8
FNH:0
FNDA:0,(anonymous_1)
FNDA:0,(anonymous_2)
FNDA:0,(anonymous_3)
FNDA:0,(anonymous_4)
FNDA:0,(anonymous_5)
FNDA:0,(anonymous_6)
FNDA:0,(anonymous_7)
FNDA:0,(anonymous_8)
DA:2,0
DA:3,0
DA:4,0
DA:5,0
DA:6,0
DA:7,0
DA:11,0
DA:27,0
DA:29,0
DA:31,0
DA:32,0
DA:33,0
DA:36,0
DA:37,0
DA:38,0
DA:41,0
DA:42,0
DA:44,0
DA:46,0
DA:53,0
DA:54,0
DA:67,0
DA:69,0
DA:70,0
DA:71,0
DA:74,0
DA:75,0
DA:77,0
DA:78,0
DA:81,0
DA:100,0
DA:102,0
DA:103,0
DA:105,0
DA:107,0
DA:109,0
DA:110,0
DA:111,0
DA:114,0
DA:115,0
DA:119,0
DA:120,0
DA:121,0
DA:124,0
DA:125,0
DA:128,0
DA:129,0
DA:130,0
DA:133,0
DA:136,0
DA:137,0
DA:141,0
DA:144,0
DA:147,0
DA:148,0
DA:149,0
DA:152,0
DA:153,0
DA:156,0
DA:169,0
DA:171,0
DA:172,0
DA:174,0
DA:176,0
DA:177,0
DA:178,0
DA:181,0
DA:183,0
DA:184,0
DA:185,0
DA:189,0
DA:190,0
DA:191,0
DA:194,0
DA:195,0
DA:198,0
DA:199,0
DA:200,0
DA:202,0
DA:206,0
DA:207,0
DA:208,0
DA:209,0
DA:210,0
DA:211,0
DA:213,0
DA:219,0
DA:220,0
DA:222,0
DA:227,0
DA:228,0
LF:91
LH:0
BRDA:31,0,0,0
BRDA:31,0,1,0
BRDA:36,1,0,0
BRDA:36,1,1,0
BRDA:42,2,0,0
BRDA:42,2,1,0
BRDA:69,3,0,0
BRDA:69,3,1,0
BRDA:74,4,0,0
BRDA:74,4,1,0
BRDA:75,5,0,0
BRDA:75,5,1,0
BRDA:109,6,0,0
BRDA:109,6,1,0
BRDA:119,7,0,0
BRDA:119,7,1,0
BRDA:119,8,0,0
BRDA:119,8,1,0
BRDA:128,9,0,0
BRDA:128,9,1,0
BRDA:176,10,0,0
BRDA:176,10,1,0
BRDA:183,11,0,0
BRDA:183,11,1,0
BRDA:189,12,0,0
BRDA:189,12,1,0
BRDA:198,13,0,0
BRDA:198,13,1,0
BRDA:206,14,0,0
BRDA:206,14,1,0
BRDA:206,15,0,0
BRDA:206,15,1,0
BRDA:209,16,0,0
BRDA:209,16,1,0
BRF:34
BRH:0
end_of_record
TN:
SF:src/controllers/folderController.ts
FN:28,(anonymous_1)
FN:51,(anonymous_2)
FN:104,(anonymous_3)
FN:141,(anonymous_4)
FN:194,(anonymous_5)
FN:270,deleteFolderRecursive
FN:311,(anonymous_7)
FNF:7
FNH:0
FNDA:0,(anonymous_1)
FNDA:0,(anonymous_2)
FNDA:0,(anonymous_3)
FNDA:0,(anonymous_4)
FNDA:0,(anonymous_5)
FNDA:0,deleteFolderRecursive
FNDA:0,(anonymous_7)
DA:2,0
DA:3,0
DA:4,0
DA:5,0
DA:6,0
DA:8,0
DA:27,0
DA:29,0
DA:30,0
DA:32,0
DA:34,0
DA:36,0
DA:37,0
DA:50,0
DA:52,0
DA:53,0
DA:55,0
DA:57,0
DA:58,0
DA:59,0
DA:63,0
DA:71,0
DA:79,0
DA:81,0
DA:103,0
DA:105,0
DA:107,0
DA:109,0
DA:110,0
DA:111,0
DA:114,0
DA:119,0
DA:121,0
DA:140,0
DA:142,0
DA:143,0
DA:145,0
DA:147,0
DA:148,0
DA:149,0
DA:152,0
DA:154,0
DA:155,0
DA:156,0
DA:160,0
DA:161,0
DA:162,0
DA:165,0
DA:166,0
DA:169,0
DA:171,0
DA:173,0
DA:178,0
DA:179,0
DA:193,0
DA:195,0
DA:196,0
DA:197,0
DA:199,0
DA:201,0
DA:202,0
DA:203,0
DA:206,0
DA:207,0
DA:208,0
DA:211,0
DA:213,0
DA:214,0
DA:215,0
DA:219,0
DA:220,0
DA:221,0
DA:225,0
DA:232,0
DA:233,0
DA:234,0
DA:240,0
DA:241,0
DA:242,0
DA:243,0
DA:245,0
DA:247,0
DA:251,0
DA:257,0
DA:258,0
DA:274,0
DA:278,0
DA:283,0
DA:286,0
DA:288,0
DA:293,0
DA:298,0
DA:301,0
DA:302,0
DA:304,0
DA:305,0
DA:306,0
DA:310,0
DA:311,0
DA:312,0
DA:313,0
DA:314,0
DA:320,0
DA:321,0
DA:323,0
DA:329,0
DA:330,0
LF:107
LH:0
BRDA:32,0,0,0
BRDA:32,0,1,0
BRDA:55,1,0,0
BRDA:55,1,1,0
BRDA:57,2,0,0
BRDA:57,2,1,0
BRDA:65,3,0,0
BRDA:65,3,1,0
BRDA:73,4,0,0
BRDA:73,4,1,0
BRDA:79,5,0,0
BRDA:79,5,1,0
BRDA:88,6,0,0
BRDA:88,6,1,0
BRDA:109,7,0,0
BRDA:109,7,1,0
BRDA:147,8,0,0
BRDA:147,8,1,0
BRDA:154,9,0,0
BRDA:154,9,1,0
BRDA:160,10,0,0
BRDA:160,10,1,0
BRDA:201,11,0,0
BRDA:201,11,1,0
BRDA:206,12,0,0
BRDA:206,12,1,0
BRDA:206,13,0,0
BRDA:206,13,1,0
BRDA:213,14,0,0
BRDA:213,14,1,0
BRDA:219,15,0,0
BRDA:219,15,1,0
BRDA:232,16,0,0
BRDA:232,16,1,0
BRDA:304,17,0,0
BRDA:304,17,1,0
BRDA:310,18,0,0
BRDA:310,18,1,0
BRDA:310,19,0,0
BRDA:310,19,1,0
BRDA:312,20,0,0
BRDA:312,20,1,0
BRF:42
BRH:0
end_of_record
TN:
SF:src/controllers/realtimeController.ts
FN:19,(anonymous_1)
FN:52,(anonymous_2)
FN:87,(anonymous_3)
FNF:3
FNH:0
FNDA:0,(anonymous_1)
FNDA:0,(anonymous_2)
FNDA:0,(anonymous_3)
DA:2,0
DA:3,0
DA:18,0
DA:20,0
DA:22,0
DA:24,0
DA:26,0
DA:27,0
DA:28,0
DA:31,0
DA:33,0
DA:35,0
DA:51,0
DA:53,0
DA:54,0
DA:56,0
DA:58,0
DA:60,0
DA:61,0
DA:62,0
DA:65,0
DA:67,0
DA:69,0
DA:86,0
DA:88,0
DA:89,0
DA:91,0
DA:93,0
DA:95,0
DA:96,0
DA:97,0
DA:101,0
DA:103,0
DA:104,0
DA:116,0
DA:118,0
DA:123,0
DA:125,0
LF:38
LH:0
BRDA:26,0,0,0
BRDA:26,0,1,0
BRDA:60,1,0,0
BRDA:60,1,1,0
BRDA:72,2,0,0
BRDA:72,2,1,0
BRDA:95,3,0,0
BRDA:95,3,1,0
BRDA:103,4,0,0
BRDA:103,4,1,0
BRF:10
BRH:0
end_of_record
TN:
SF:src/controllers/searchController.ts
FN:22,(anonymous_1)
FNF:1
FNH:0
FNDA:0,(anonymous_1)
DA:3,0
DA:4,0
DA:5,0
DA:6,0
DA:21,0
DA:23,0
DA:25,0
DA:27,0
DA:28,0
DA:29,0
DA:37,0
DA:39,0
DA:41,0
DA:42,0
DA:43,0
DA:57,0
DA:60,0
DA:61,0
DA:62,0
DA:64,0
DA:66,0
DA:67,0
DA:69,0
DA:75,0
DA:76,0
DA:77,0
DA:81,0
DA:82,0
DA:83,0
DA:86,0
DA:93,0
DA:97,0
DA:98,0
DA:100,0
DA:106,0
DA:107,0
DA:108,0
DA:111,0
DA:118,0
DA:121,0
DA:122,0
DA:125,0
DA:140,0
DA:141,0
LF:44
LH:0
BRDA:27,0,0,0
BRDA:27,0,1,0
BRDA:36,1,0,0
BRDA:41,2,0,0
BRDA:41,2,1,0
BRDA:41,3,0,0
BRDA:41,3,1,0
BRDA:41,3,2,0
BRDA:66,4,0,0
BRDA:66,4,1,0
BRDA:66,5,0,0
BRDA:66,5,1,0
BRDA:75,6,0,0
BRDA:75,6,1,0
BRDA:81,7,0,0
BRDA:81,7,1,0
BRDA:97,8,0,0
BRDA:97,8,1,0
BRDA:97,9,0,0
BRDA:97,9,1,0
BRDA:106,10,0,0
BRDA:106,10,1,0
BRDA:134,11,0,0
BRDA:134,11,1,0
BRF:24
BRH:0
end_of_record
TN:
SF:src/controllers/shareController.ts
FN:29,(anonymous_1)
FN:60,(anonymous_2)
FN:83,(anonymous_3)
FN:102,(anonymous_4)
FN:120,(anonymous_5)
FN:142,(anonymous_6)
FN:164,(anonymous_7)
FN:186,(anonymous_8)
FNF:8
FNH:0
FNDA:0,(anonymous_1)
FNDA:0,(anonymous_2)
FNDA:0,(anonymous_3)
FNDA:0,(anonymous_4)
FNDA:0,(anonymous_5)
FNDA:0,(anonymous_6)
FNDA:0,(anonymous_7)
FNDA:0,(anonymous_8)
DA:2,0
DA:3,0
DA:6,0
DA:13,0
DA:28,0
DA:30,0
DA:32,0
DA:35,0
DA:36,0
DA:45,0
DA:46,0
DA:59,0
DA:61,0
DA:62,0
DA:64,0
DA:66,0
DA:68,0
DA:69,0
DA:82,0
DA:84,0
DA:85,0
DA:87,0
DA:89,0
DA:94,0
DA:95,0
DA:96,0
DA:100,0
DA:101,0
DA:103,0
DA:106,0
DA:107,0
DA:108,0
DA:111,0
DA:113,0
DA:120,0
DA:141,0
DA:143,0
DA:145,0
DA:147,0
DA:149,0
DA:150,0
DA:163,0
DA:165,0
DA:167,0
DA:169,0
DA:171,0
DA:172,0
DA:185,0
DA:187,0
DA:188,0
DA:190,0
DA:192,0
DA:199,0
DA:200,0
LF:54
LH:0
BRDA:94,0,0,0
BRDA:94,0,1,0
BRDA:103,1,0,0
BRDA:103,1,1,0
BRDA:106,2,0,0
BRDA:106,2,1,0
BRDA:106,3,0,0
BRDA:106,3,1,0
BRDA:118,4,0,0
BRDA:118,4,1,0
BRF:10
BRH:0
end_of_record
TN:
SF:src/controllers/versionController.ts
FN:31,(anonymous_1)
FN:65,(anonymous_2)
FN:88,(anonymous_3)
FNF:3
FNH:0
FNDA:0,(anonymous_1)
FNDA:0,(anonymous_2)
FNDA:0,(anonymous_3)
DA:5,0
DA:9,0
DA:14,0
DA:30,0
DA:32,0
DA:33,0
DA:34,0
DA:36,0
DA:38,0
DA:39,0
DA:40,0
DA:43,0
DA:50,0
DA:51,0
DA:64,0
DA:66,0
DA:67,0
DA:69,0
DA:71,0
DA:73,0
DA:74,0
DA:87,0
DA:89,0
DA:90,0
DA:91,0
DA:93,0
DA:95,0
DA:96,0
DA:97,0
DA:100,0
DA:106,0
DA:107,0
LF:32
LH:0
BRDA:36,0,0,0
BRDA:36,0,1,0
BRDA:38,1,0,0
BRDA:38,1,1,0
BRDA:95,2,0,0
BRDA:95,2,1,0
BRDA:95,3,0,0
BRDA:95,3,1,0
BRF:8
BRH:0
end_of_record
TN:
SF:src/middlewares/auth.ts
FN:8,(anonymous_1)
FNF:1
FNH:0
FNDA:0,(anonymous_1)
DA:2,0
DA:8,0
DA:13,0
DA:15,0
DA:16,0
DA:20,0
DA:23,0
DA:24,0
DA:25,0
DA:26,0
DA:28,0
DA:32,0
LF:12
LH:0
BRDA:15,0,0,0
BRDA:15,0,1,0
BRF:2
BRH:0
end_of_record
TN:
SF:src/middlewares/errorHandler.ts
FN:8,(anonymous_0)
FN:18,(anonymous_1)
FN:48,(anonymous_2)
FN:49,(anonymous_3)
FNF:4
FNH:2
FNDA:3,(anonymous_0)
FNDA:0,(anonymous_1)
FNDA:2,(anonymous_2)
FNDA:0,(anonymous_3)
DA:8,2
DA:12,3
DA:13,3
DA:14,3
DA:15,3
DA:18,2
DA:24,0
DA:25,0
DA:27,0
DA:35,0
DA:48,2
DA:49,2
DA:50,0
LF:13
LH:8
BRDA:10,0,0,0
BRDA:24,1,0,0
BRDA:24,1,1,0
BRDA:25,2,0,0
BRDA:25,2,1,0
BRDA:39,3,0,0
BRDA:39,3,1,0
BRF:7
BRH:0
end_of_record
TN:
SF:src/middlewares/permission.ts
FN:13,(anonymous_1)
FN:14,(anonymous_2)
FN:54,(anonymous_3)
FNF:3
FNH:0
FNDA:0,(anonymous_1)
FNDA:0,(anonymous_2)
FNDA:0,(anonymous_3)
DA:2,0
DA:3,0
DA:12,0
DA:13,0
DA:14,0
DA:19,0
DA:20,0
DA:21,0
DA:23,0
DA:24,0
DA:27,0
DA:31,0
DA:32,0
DA:34,0
DA:37,0
DA:38,0
DA:39,0
DA:44,0
DA:48,0
DA:49,0
DA:53,0
DA:54,0
DA:57,0
DA:58,0
DA:61,0
DA:65,0
DA:66,0
DA:69,0
DA:70,0
DA:73,0
DA:76,0
DA:77,0
DA:80,0
DA:83,0
DA:85,0
LF:35
LH:0
BRDA:20,0,0,0
BRDA:20,0,1,0
BRDA:23,1,0,0
BRDA:23,1,1,0
BRDA:31,2,0,0
BRDA:31,2,1,0
BRDA:37,3,0,0
BRDA:37,3,1,0
BRDA:44,4,0,0
BRDA:44,4,1,0
BRDA:48,5,0,0
BRDA:48,5,1,0
BRDA:57,6,0,0
BRDA:57,6,1,0
BRDA:69,7,0,0
BRDA:69,7,1,0
BRDA:76,8,0,0
BRDA:76,8,1,0
BRF:18
BRH:0
end_of_record
TN:
SF:src/middlewares/upload.ts
FN:12,(anonymous_1)
FN:15,(anonymous_2)
FNF:2
FNH:0
FNDA:0,(anonymous_1)
FNDA:0,(anonymous_2)
DA:1,0
DA:2,0
DA:3,0
DA:6,0
DA:7,0
DA:8,0
DA:11,0
DA:13,0
DA:16,0
DA:17,0
DA:18,0
DA:22,0
DA:24,0
LF:13
LH:0
BRDA:7,0,0,0
BRDA:7,0,1,0
BRF:2
BRH:0
end_of_record
TN:
SF:src/middlewares/validateRequest.ts
FN:4,(anonymous_0)
FN:5,(anonymous_1)
FNF:2
FNH:0
FNDA:0,(anonymous_0)
FNDA:0,(anonymous_1)
DA:4,0
DA:5,0
DA:6,0
DA:7,0
DA:8,0
DA:13,0
DA:15,0
DA:19,0
LF:8
LH:0
BRDA:7,0,0,0
BRDA:7,0,1,0
BRF:2
BRH:0
end_of_record
TN:
SF:src/models/FileMeta.ts
FNF:0
FNH:0
DA:1,0
DA:28,0
DA:40,0
DA:64,0
LF:4
LH:0
BRF:0
BRH:0
end_of_record
TN:
SF:src/models/Folder.ts
FNF:0
FNH:0
DA:1,0
DA:15,0
DA:35,0
LF:3
LH:0
BRF:0
BRH:0
end_of_record
TN:
SF:src/models/User.ts
FN:22,(anonymous_10)
FN:29,(anonymous_11)
FNF:2
FNH:0
FNDA:0,(anonymous_10)
FNDA:0,(anonymous_11)
DA:1,2
DA:2,2
DA:12,2
DA:22,2
DA:23,0
DA:24,0
DA:25,0
DA:26,0
DA:29,2
DA:30,0
DA:33,2
LF:11
LH:6
BRDA:23,0,0,0
BRDA:23,0,1,0
BRF:2
BRH:0
end_of_record
TN:
SF:src/repository/auth.repo.ts
FN:3,getUserByEmail
FN:7,createUser
FNF:2
FNH:0
FNDA:0,getUserByEmail
FNDA:0,createUser
DA:1,2
DA:3,2
DA:4,0
DA:7,2
DA:12,0
DA:13,0
LF:6
LH:3
BRF:0
BRH:0
end_of_record
TN:
SF:src/repository/filemeta.repo.ts
FN:19,getFileMetaByownerAndFolder
FN:28,getFileMetaById
FN:32,getFilesByUserID
FN:38,getSharedFilesByUserID
FN:45,getFileMetaByFileId
FN:49,getFileVersoinHistoryByFileId
FN:56,createFileMeta
FNF:7
FNH:0
FNDA:0,getFileMetaByownerAndFolder
FNDA:0,getFileMetaById
FNDA:0,getFilesByUserID
FNDA:0,getSharedFilesByUserID
FNDA:0,getFileMetaByFileId
FNDA:0,getFileVersoinHistoryByFileId
FNDA:0,createFileMeta
DA:2,0
DA:19,0
DA:23,0
DA:28,0
DA:29,0
DA:32,0
DA:33,0
DA:38,0
DA:39,0
DA:45,0
DA:46,0
DA:49,0
DA:50,0
DA:56,0
DA:57,0
LF:15
LH:0
BRF:0
BRH:0
end_of_record
TN:
SF:src/repository/folder.repo.ts
FN:3,findFolderbyId
FN:7,createFolder
FN:20,findFolderByOwner
FN:24,getFoldersByUserId
FN:30,getSharedFoldersByUserId
FNF:5
FNH:0
FNDA:0,findFolderbyId
FNDA:0,createFolder
FNDA:0,findFolderByOwner
FNDA:0,getFoldersByUserId
FNDA:0,getSharedFoldersByUserId
DA:1,0
DA:3,0
DA:4,0
DA:7,0
DA:13,0
DA:20,0
DA:21,0
DA:24,0
DA:25,0
DA:30,0
DA:31,0
LF:11
LH:0
BRDA:15,0,0,0
BRDA:15,0,1,0
BRDA:21,1,0,0
BRDA:21,1,1,0
BRF:4
BRH:0
end_of_record
TN:
SF:src/routes/authRoutes.ts
FNF:0
FNH:0
DA:1,2
DA:2,2
DA:3,2
DA:4,2
DA:6,2
DA:8,2
DA:9,2
DA:11,2
LF:8
LH:8
BRF:0
BRH:0
end_of_record
TN:
SF:src/routes/bulkRoutes.ts
FNF:0
FNH:0
DA:1,0
DA:2,0
DA:3,0
DA:5,0
DA:8,0
DA:15,0
LF:6
LH:0
BRF:0
BRH:0
end_of_record
TN:
SF:src/routes/fileRoutes.ts
FNF:0
FNH:0
DA:1,0
DA:2,0
DA:8,0
DA:9,0
DA:11,0
DA:13,0
DA:14,0
DA:15,0
DA:16,0
DA:18,0
LF:10
LH:0
BRF:0
BRH:0
end_of_record
TN:
SF:src/routes/folderRoutes.ts
FNF:0
FNH:0
DA:1,0
DA:2,0
DA:9,0
DA:11,0
DA:13,0
DA:14,0
DA:15,0
DA:16,0
DA:17,0
DA:18,0
LF:10
LH:0
BRF:0
BRH:0
end_of_record
TN:
SF:src/routes/realtimeRoutes.ts
FNF:0
FNH:0
DA:1,0
DA:2,0
DA:3,0
DA:9,0
DA:11,0
DA:12,0
DA:13,0
DA:15,0
LF:8
LH:0
BRF:0
BRH:0
end_of_record
TN:
SF:src/routes/searchRoutes.ts
FNF:0
FNH:0
DA:1,0
DA:2,0
DA:3,0
DA:5,0
DA:8,0
DA:10,0
LF:6
LH:0
BRF:0
BRH:0
end_of_record
TN:
SF:src/routes/shareRoutes.ts
FNF:0
FNH:0
DA:1,0
DA:2,0
DA:3,0
DA:12,0
DA:15,0
DA:18,0
DA:19,0
DA:22,0
DA:23,0
DA:26,0
DA:28,0
LF:11
LH:0
BRF:0
BRH:0
end_of_record
TN:
SF:src/routes/versionRoutes.ts
FNF:0
FNH:0
DA:1,0
DA:2,0
DA:3,0
DA:4,0
DA:5,0
DA:11,0
DA:14,0
DA:23,0
DA:31,0
DA:38,0
LF:10
LH:0
BRF:0
BRH:0
end_of_record
TN:
SF:src/services/auth.service.ts
FN:16,registerUser
FN:58,loginUser
FNF:2
FNH:2
FNDA:2,registerUser
FNDA:3,loginUser
DA:1,2
DA:2,2
DA:3,2
DA:4,2
DA:16,2
DA:25,2
DA:27,2
DA:28,2
DA:29,1
DA:30,1
DA:33,1
DA:34,1
DA:36,1
DA:38,1
DA:58,2
DA:65,3
DA:67,3
DA:68,3
DA:69,1
DA:70,1
DA:73,2
DA:74,2
DA:75,2
DA:76,1
DA:77,1
DA:80,1
DA:81,1
DA:83,1
DA:85,1
LF:29
LH:29
BRDA:28,0,0,1
BRDA:28,0,1,1
BRDA:68,1,0,1
BRDA:68,1,1,2
BRDA:75,2,0,1
BRDA:75,2,1,1
BRF:6
BRH:6
end_of_record
TN:
SF:src/services/file.service.ts
FN:26,uploadFileService
FNF:1
FNH:0
FNDA:0,uploadFileService
DA:1,0
DA:2,0
DA:3,0
DA:6,0
DA:26,0
DA:32,0
DA:35,0
DA:36,0
DA:37,0
DA:38,0
DA:39,0
DA:40,0
DA:42,0
DA:45,0
DA:46,0
DA:56,0
DA:59,0
DA:60,0
DA:62,0
DA:70,0
DA:73,0
DA:75,0
LF:22
LH:0
BRDA:32,0,0,0
BRDA:32,0,1,0
BRDA:35,1,0,0
BRDA:35,1,1,0
BRDA:38,2,0,0
BRDA:38,2,1,0
BRDA:38,3,0,0
BRDA:38,3,1,0
BRDA:53,4,0,0
BRDA:53,4,1,0
BRDA:59,5,0,0
BRDA:59,5,1,0
BRF:12
BRH:0
end_of_record
TN:
SF:src/services/folder.service.ts
FN:19,addFolder
FN:62,getFolderTree
FNF:2
FNH:0
FNDA:0,addFolder
FNDA:0,getFolderTree
DA:1,0
DA:2,0
DA:3,0
DA:8,0
DA:19,0
DA:20,0
DA:27,0
DA:28,0
DA:29,0
DA:30,0
DA:31,0
DA:32,0
DA:35,0
DA:37,0
DA:38,0
DA:41,0
DA:42,0
DA:44,0
DA:48,0
DA:62,0
DA:63,0
DA:70,0
DA:71,0
DA:74,0
DA:75,0
DA:77,0
DA:81,0
LF:27
LH:0
BRDA:22,0,0,0
BRDA:22,0,1,0
BRDA:28,1,0,0
BRDA:28,1,1,0
BRDA:31,2,0,0
BRDA:31,2,1,0
BRDA:31,3,0,0
BRDA:31,3,1,0
BRDA:65,4,0,0
BRDA:65,4,1,0
BRDA:70,5,0,0
BRDA:70,5,1,0
BRDA:74,6,0,0
BRDA:74,6,1,0
BRDA:78,7,0,0
BRDA:78,7,1,0
BRF:16
BRH:0
end_of_record
TN:
SF:src/services/jwt-service.ts
FN:18,(anonymous_1)
FNF:1
FNH:0
FNDA:0,(anonymous_1)
DA:1,2
DA:3,2
DA:18,2
DA:19,0
DA:21,0
DA:22,0
DA:23,0
DA:26,0
DA:28,0
DA:29,0
DA:35,0
DA:36,0
DA:38,0
DA:40,0
DA:41,0
LF:15
LH:3
BRDA:21,0,0,0
BRDA:21,0,1,0
BRF:2
BRH:0
end_of_record
TN:
SF:src/services/share.service.ts
FN:48,shareResourceService
FN:107,(anonymous_2)
FN:136,(anonymous_3)
FN:201,getFilePermissionService
FN:222,(anonymous_5)
FN:233,(anonymous_6)
FN:261,getSharedWithMeService
FN:272,(anonymous_8)
FN:274,(anonymous_9)
FN:290,(anonymous_10)
FN:292,(anonymous_11)
FN:324,getSharedByMeService
FN:335,(anonymous_13)
FN:340,(anonymous_14)
FN:350,(anonymous_15)
FN:354,(anonymous_16)
FN:386,removePermissionService
FN:434,(anonymous_18)
FN:449,(anonymous_19)
FNF:19
FNH:0
FNDA:0,shareResourceService
FNDA:0,(anonymous_2)
FNDA:0,(anonymous_3)
FNDA:0,getFilePermissionService
FNDA:0,(anonymous_5)
FNDA:0,(anonymous_6)
FNDA:0,getSharedWithMeService
FNDA:0,(anonymous_8)
FNDA:0,(anonymous_9)
FNDA:0,(anonymous_10)
FNDA:0,(anonymous_11)
FNDA:0,getSharedByMeService
FNDA:0,(anonymous_13)
FNDA:0,(anonymous_14)
FNDA:0,(anonymous_15)
FNDA:0,(anonymous_16)
FNDA:0,removePermissionService
FNDA:0,(anonymous_18)
FNDA:0,(anonymous_19)
DA:2,0
DA:3,0
DA:4,0
DA:10,0
DA:17,0
DA:48,0
DA:56,0
DA:61,0
DA:62,0
DA:63,0
DA:64,0
DA:65,0
DA:68,0
DA:73,0
DA:74,0
DA:75,0
DA:76,0
DA:77,0
DA:78,0
DA:80,0
DA:81,0
DA:84,0
DA:85,0
DA:88,0
DA:91,0
DA:97,0
DA:101,0
DA:102,0
DA:106,0
DA:108,0
DA:111,0
DA:112,0
DA:115,0
DA:117,0
DA:123,0
DA:124,0
DA:125,0
DA:126,0
DA:129,0
DA:132,0
DA:135,0
DA:136,0
DA:139,0
DA:140,0
DA:143,0
DA:145,0
DA:148,0
DA:154,0
DA:155,0
DA:160,0
DA:161,0
DA:171,0
DA:173,0
DA:177,0
DA:201,0
DA:208,0
DA:210,0
DA:212,0
DA:213,0
DA:214,0
DA:217,0
DA:220,0
DA:221,0
DA:223,0
DA:226,0
DA:227,0
DA:228,0
DA:231,0
DA:233,0
DA:242,0
DA:244,0
DA:261,0
DA:262,0
DA:265,0
DA:266,0
DA:269,0
DA:270,0
DA:272,0
DA:273,0
DA:274,0
DA:276,0
DA:290,0
DA:291,0
DA:292,0
DA:294,0
DA:307,0
DA:309,0
DA:324,0
DA:325,0
DA:328,0
DA:329,0
DA:332,0
DA:333,0
DA:335,0
DA:340,0
DA:350,0
DA:354,0
DA:364,0
DA:366,0
DA:386,0
DA:392,0
DA:397,0
DA:398,0
DA:399,0
DA:400,0
DA:401,0
DA:404,0
DA:407,0
DA:408,0
DA:409,0
DA:410,0
DA:411,0
DA:412,0
DA:414,0
DA:415,0
DA:418,0
DA:419,0
DA:420,0
DA:423,0
DA:427,0
DA:431,0
DA:432,0
DA:433,0
DA:435,0
DA:437,0
DA:438,0
DA:439,0
DA:441,0
DA:445,0
DA:446,0
DA:448,0
DA:449,0
DA:452,0
DA:453,0
DA:455,0
LF:135
LH:0
BRDA:63,0,0,0
BRDA:63,0,1,0
BRDA:73,1,0,0
BRDA:73,1,1,0
BRDA:76,2,0,0
BRDA:76,2,1,0
BRDA:84,3,0,0
BRDA:84,3,1,0
BRDA:97,4,0,0
BRDA:97,4,1,0
BRDA:101,5,0,0
BRDA:101,5,1,0
BRDA:108,6,0,0
BRDA:108,6,1,0
BRDA:111,7,0,0
BRDA:111,7,1,0
BRDA:124,8,0,0
BRDA:124,8,1,0
BRDA:139,9,0,0
BRDA:139,9,1,0
BRDA:212,10,0,0
BRDA:212,10,1,0
BRDA:223,11,0,0
BRDA:223,11,1,0
BRDA:226,12,0,0
BRDA:226,12,1,0
BRDA:226,13,0,0
BRDA:226,13,1,0
BRDA:249,14,0,0
BRDA:249,14,1,0
BRDA:399,15,0,0
BRDA:399,15,1,0
BRDA:407,16,0,0
BRDA:407,16,1,0
BRDA:410,17,0,0
BRDA:410,17,1,0
BRDA:418,18,0,0
BRDA:418,18,1,0
BRDA:427,19,0,0
BRDA:427,19,1,0
BRDA:431,20,0,0
BRDA:431,20,1,0
BRDA:435,21,0,0
BRDA:435,21,1,0
BRDA:437,22,0,0
BRDA:437,22,1,0
BRF:46
BRH:0
end_of_record
TN:
SF:src/services/version.service.ts
FN:27,uploadNewVersionService
FN:50,(anonymous_2)
FN:68,(anonymous_3)
FN:120,versionHistoryService
FN:142,(anonymous_5)
FN:152,(anonymous_6)
FN:153,(anonymous_7)
FN:180,restoreVersionService
FN:206,(anonymous_9)
FN:218,(anonymous_10)
FN:240,(anonymous_11)
FNF:11
FNH:0
FNDA:0,uploadNewVersionService
FNDA:0,(anonymous_2)
FNDA:0,(anonymous_3)
FNDA:0,versionHistoryService
FNDA:0,(anonymous_5)
FNDA:0,(anonymous_6)
FNDA:0,(anonymous_7)
FNDA:0,restoreVersionService
FNDA:0,(anonymous_9)
FNDA:0,(anonymous_10)
FNDA:0,(anonymous_11)
DA:1,0
DA:2,0
DA:6,0
DA:7,0
DA:27,0
DA:33,0
DA:37,0
DA:38,0
DA:39,0
DA:40,0
DA:43,0
DA:48,0
DA:49,0
DA:51,0
DA:55,0
DA:56,0
DA:59,0
DA:62,0
DA:67,0
DA:68,0
DA:71,0
DA:73,0
DA:76,0
DA:85,0
DA:88,0
DA:89,0
DA:90,0
DA:91,0
DA:93,0
DA:95,0
DA:99,0
DA:120,0
DA:127,0
DA:129,0
DA:130,0
DA:131,0
DA:132,0
DA:135,0
DA:140,0
DA:141,0
DA:142,0
DA:145,0
DA:146,0
DA:149,0
DA:152,0
DA:153,0
DA:155,0
DA:159,0
DA:180,0
DA:189,0
DA:193,0
DA:194,0
DA:195,0
DA:196,0
DA:199,0
DA:204,0
DA:205,0
DA:207,0
DA:211,0
DA:212,0
DA:215,0
DA:218,0
DA:219,0
DA:220,0
DA:223,0
DA:226,0
DA:231,0
DA:232,0
DA:233,0
DA:236,0
DA:240,0
DA:242,0
DA:244,0
DA:254,0
DA:255,0
DA:256,0
DA:259,0
DA:261,0
DA:265,0
LF:79
LH:0
BRDA:38,0,0,0
BRDA:38,0,1,0
BRDA:51,1,0,0
BRDA:51,1,1,0
BRDA:55,2,0,0
BRDA:55,2,1,0
BRDA:55,3,0,0
BRDA:55,3,1,0
BRDA:82,4,0,0
BRDA:82,4,1,0
BRDA:106,5,0,0
BRDA:106,5,1,0
BRDA:130,6,0,0
BRDA:130,6,1,0
BRDA:145,7,0,0
BRDA:145,7,1,0
BRDA:145,8,0,0
BRDA:145,8,1,0
BRDA:194,9,0,0
BRDA:194,9,1,0
BRDA:207,10,0,0
BRDA:207,10,1,0
BRDA:211,11,0,0
BRDA:211,11,1,0
BRDA:211,12,0,0
BRDA:211,12,1,0
BRDA:219,13,0,0
BRDA:219,13,1,0
BRDA:231,14,0,0
BRDA:231,14,1,0
BRF:30
BRH:0
end_of_record
TN:
SF:src/socket/socketServer.ts
FN:22,(anonymous_1)
FN:35,(anonymous_2)
FN:36,(anonymous_3)
FN:67,(anonymous_4)
FN:68,(anonymous_5)
FN:98,(anonymous_6)
FN:118,(anonymous_7)
FN:120,(anonymous_8)
FN:151,(anonymous_9)
FN:169,(anonymous_10)
FN:181,(anonymous_11)
FN:191,(anonymous_12)
FN:199,(anonymous_13)
FN:203,(anonymous_14)
FN:225,(anonymous_15)
FN:243,(anonymous_16)
FN:245,(anonymous_17)
FN:256,(anonymous_18)
FN:269,(anonymous_19)
FN:278,(anonymous_20)
FN:282,(anonymous_21)
FN:303,(anonymous_22)
FN:305,(anonymous_23)
FN:311,(anonymous_24)
FN:321,(anonymous_25)
FN:340,(anonymous_26)
FN:352,(anonymous_27)
FN:353,(anonymous_28)
FN:357,(anonymous_29)
FNF:29
FNH:0
FNDA:0,(anonymous_1)
FNDA:0,(anonymous_2)
FNDA:0,(anonymous_3)
FNDA:0,(anonymous_4)
FNDA:0,(anonymous_5)
FNDA:0,(anonymous_6)
FNDA:0,(anonymous_7)
FNDA:0,(anonymous_8)
FNDA:0,(anonymous_9)
FNDA:0,(anonymous_10)
FNDA:0,(anonymous_11)
FNDA:0,(anonymous_12)
FNDA:0,(anonymous_13)
FNDA:0,(anonymous_14)
FNDA:0,(anonymous_15)
FNDA:0,(anonymous_16)
FNDA:0,(anonymous_17)
FNDA:0,(anonymous_18)
FNDA:0,(anonymous_19)
FNDA:0,(anonymous_20)
FNDA:0,(anonymous_21)
FNDA:0,(anonymous_22)
FNDA:0,(anonymous_23)
FNDA:0,(anonymous_24)
FNDA:0,(anonymous_25)
FNDA:0,(anonymous_26)
FNDA:0,(anonymous_27)
FNDA:0,(anonymous_28)
FNDA:0,(anonymous_29)
DA:1,0
DA:3,0
DA:5,0
DA:6,0
DA:13,0
DA:15,0
DA:17,0
DA:23,0
DA:31,0
DA:32,0
DA:36,0
DA:37,0
DA:39,0
DA:42,0
DA:43,0
DA:46,0
DA:47,0
DA:49,0
DA:50,0
DA:53,0
DA:54,0
DA:60,0
DA:62,0
DA:68,0
DA:69,0
DA:71,0
DA:74,0
DA:80,0
DA:86,0
DA:89,0
DA:92,0
DA:95,0
DA:98,0
DA:99,0
DA:100,0
DA:103,0
DA:104,0
DA:105,0
DA:107,0
DA:120,0
DA:121,0
DA:124,0
DA:125,0
DA:126,0
DA:130,0
DA:134,0
DA:141,0
DA:147,0
DA:151,0
DA:152,0
DA:154,0
DA:155,0
DA:158,0
DA:167,0
DA:170,0
DA:179,0
DA:182,0
DA:191,0
DA:192,0
DA:201,0
DA:209,0
DA:211,0
DA:212,0
DA:223,0
DA:230,0
DA:232,0
DA:233,0
DA:245,0
DA:246,0
DA:249,0
DA:256,0
DA:257,0
DA:260,0
DA:267,0
DA:270,0
DA:280,0
DA:288,0
DA:290,0
DA:291,0
DA:303,0
DA:304,0
DA:305,0
DA:307,0
DA:311,0
DA:312,0
DA:313,0
DA:328,0
DA:330,0
DA:331,0
DA:345,0
DA:353,0
DA:358,0
LF:92
LH:0
BRDA:25,0,0,0
BRDA:25,0,1,0
BRDA:39,1,0,0
BRDA:39,1,1,0
BRDA:42,2,0,0
BRDA:42,2,1,0
BRDA:49,3,0,0
BRDA:49,3,1,0
BRDA:104,4,0,0
BRDA:104,4,1,0
BRDA:125,5,0,0
BRDA:125,5,1,0
BRDA:125,6,0,0
BRDA:125,6,1,0
BRDA:154,7,0,0
BRDA:154,7,1,0
BRDA:211,8,0,0
BRDA:211,8,1,0
BRDA:232,9,0,0
BRDA:232,9,1,0
BRDA:290,10,0,0
BRDA:290,10,1,0
BRDA:330,11,0,0
BRDA:330,11,1,0
BRF:24
BRH:0
end_of_record
TN:
SF:src/socket/viewingEvents.ts
FN:16,(anonymous_0)
FN:21,(anonymous_1)
FN:48,(anonymous_2)
FN:87,(anonymous_3)
FN:97,(anonymous_4)
FN:134,(anonymous_5)
FN:141,(anonymous_6)
FNF:7
FNH:0
FNDA:0,(anonymous_0)
FNDA:0,(anonymous_1)
FNDA:0,(anonymous_2)
FNDA:0,(anonymous_3)
FNDA:0,(anonymous_4)
FNDA:0,(anonymous_5)
FNDA:0,(anonymous_6)
DA:14,0
DA:16,0
DA:21,0
DA:22,0
DA:23,0
DA:24,0
DA:25,0
DA:26,0
DA:28,0
DA:31,0
DA:32,0
DA:35,0
DA:38,0
DA:47,0
DA:48,0
DA:50,0
DA:51,0
DA:53,0
DA:56,0
DA:60,0
DA:61,0
DA:67,0
DA:73,0
DA:78,0
DA:82,0
DA:87,0
DA:88,0
DA:89,0
DA:91,0
DA:93,0
DA:94,0
DA:96,0
DA:97,0
DA:99,0
DA:100,0
DA:103,0
DA:106,0
DA:107,0
DA:111,0
DA:112,0
DA:118,0
DA:123,0
DA:129,0
DA:134,0
DA:135,0
DA:136,0
DA:139,0
DA:140,0
DA:141,0
DA:143,0
DA:144,0
DA:147,0
DA:148,0
DA:153,0
DA:159,0
DA:160,0
LF:56
LH:0
BRDA:28,0,0,0
BRDA:28,0,1,0
BRDA:28,1,0,0
BRDA:28,1,1,0
BRDA:31,2,0,0
BRDA:31,2,1,0
BRDA:40,3,0,0
BRDA:40,3,1,0
BRDA:41,4,0,0
BRDA:41,4,1,0
BRDA:50,5,0,0
BRDA:50,5,1,0
BRDA:91,6,0,0
BRDA:91,6,1,0
BRDA:91,7,0,0
BRDA:91,7,1,0
BRDA:94,8,0,0
BRDA:94,8,1,0
BRDA:99,9,0,0
BRDA:99,9,1,0
BRDA:106,10,0,0
BRDA:106,10,1,0
BRDA:136,11,0,0
BRDA:136,11,1,0
BRDA:143,12,0,0
BRDA:143,12,1,0
BRDA:159,13,0,0
BRDA:159,13,1,0
BRF:28
BRH:0
end_of_record
TN:
SF:src/types/auth.ts
FNF:0
FNH:0
DA:1,2
DA:38,2
DA:54,2
LF:3
LH:3
BRF:0
BRH:0
end_of_record
TN:
SF:src/utils/logger.ts
FN:26,(anonymous_1)
FN:40,(anonymous_2)
FNF:2
FNH:0
FNDA:0,(anonymous_1)
FNDA:0,(anonymous_2)
DA:1,0
DA:2,0
DA:5,0
DA:14,0
DA:23,0
DA:26,0
DA:27,0
DA:28,0
DA:29,0
DA:33,0
DA:40,0
DA:45,0
DA:73,0
DA:82,0
LF:14
LH:0
BRDA:27,0,0,0
BRDA:27,0,1,0
BRDA:29,1,0,0
BRDA:29,1,1,0
BRF:4
BRH:0
end_of_record
